/tmp/slurmd/job1265356/slurm_script: line 12: /swtools/intel/compilers_and_libraries_2020.4.304/linux/mpi/bin64/mpivars.sh: No such file or directory

CommandNotFoundError: Your shell has not been properly configured to use 'conda activate'.
To initialize your shell, run

    $ conda init <SHELL_NAME>

Currently supported shells are:
  - bash
  - fish
  - tcsh
  - xonsh
  - zsh
  - powershell

See 'conda init --help' for more information and options.

IMPORTANT: You may need to close and restart your shell after running 'conda init'.


/nfs_home/npsawaya/miniconda3/envs/pando/lib/python3.8/site-packages/cotengra/hyperoptimizers/hyper.py:29: UserWarning: Couldn't import `kahypar` - skipping from default hyper optimizer and using basic `labels` method instead.
  warnings.warn(
/nfs_home/npsawaya/miniconda3/envs/pando/lib/python3.8/site-packages/quimb/utils.py:167: Warning: The unitize_ function is deprecated in favor of isometrize_
  warnings.warn(f"The {old_name} function is deprecated in favor "
Traceback (most recent call last):
  File "mera_sample_generator.py", line 398, in <module>
    mera.unitize_()
  File "/nfs_home/npsawaya/miniconda3/envs/pando/lib/python3.8/site-packages/quimb/utils.py", line 169, in new_fn
    return fn(*args, **kwargs)
TypeError: 'partialmethod' object is not callable
/nfs_home/npsawaya/miniconda3/envs/pando/lib/python3.8/site-packages/cotengra/hyperoptimizers/hyper.py:29: UserWarning: Couldn't import `kahypar` - skipping from default hyper optimizer and using basic `labels` method instead.
  warnings.warn(
/nfs_home/npsawaya/miniconda3/envs/pando/lib/python3.8/site-packages/quimb/utils.py:167: Warning: The unitize_ function is deprecated in favor of isometrize_
  warnings.warn(f"The {old_name} function is deprecated in favor "
Traceback (most recent call last):
  File "mera_sample_generator.py", line 398, in <module>
    mera.unitize_()
  File "/nfs_home/npsawaya/miniconda3/envs/pando/lib/python3.8/site-packages/quimb/utils.py", line 169, in new_fn
    return fn(*args, **kwargs)
TypeError: 'partialmethod' object is not callable
/nfs_home/npsawaya/miniconda3/envs/pando/lib/python3.8/site-packages/cotengra/hyperoptimizers/hyper.py:29: UserWarning: Couldn't import `kahypar` - skipping from default hyper optimizer and using basic `labels` method instead.
  warnings.warn(
/nfs_home/npsawaya/miniconda3/envs/pando/lib/python3.8/site-packages/quimb/utils.py:167: Warning: The unitize_ function is deprecated in favor of isometrize_
  warnings.warn(f"The {old_name} function is deprecated in favor "
Traceback (most recent call last):
  File "mera_sample_generator.py", line 398, in <module>
    mera.unitize_()
  File "/nfs_home/npsawaya/miniconda3/envs/pando/lib/python3.8/site-packages/quimb/utils.py", line 169, in new_fn
    return fn(*args, **kwargs)
TypeError: 'partialmethod' object is not callable
/nfs_home/npsawaya/miniconda3/envs/pando/lib/python3.8/site-packages/cotengra/hyperoptimizers/hyper.py:29: UserWarning: Couldn't import `kahypar` - skipping from default hyper optimizer and using basic `labels` method instead.
  warnings.warn(
/nfs_home/npsawaya/miniconda3/envs/pando/lib/python3.8/site-packages/quimb/utils.py:167: Warning: The unitize_ function is deprecated in favor of isometrize_
  warnings.warn(f"The {old_name} function is deprecated in favor "
Traceback (most recent call last):
  File "mera_sample_generator.py", line 398, in <module>
    mera.unitize_()
  File "/nfs_home/npsawaya/miniconda3/envs/pando/lib/python3.8/site-packages/quimb/utils.py", line 169, in new_fn
    return fn(*args, **kwargs)
TypeError: 'partialmethod' object is not callable
srun: error: pcl-skx14: tasks 1-3: Exited with exit code 1
srun: error: pcl-skx14: task 0: Exited with exit code 1
/nfs_home/npsawaya/miniconda3/envs/pando/lib/python3.8/site-packages/cotengra/hyperoptimizers/hyper.py:29: UserWarning: Couldn't import `kahypar` - skipping from default hyper optimizer and using basic `labels` method instead.
  warnings.warn(
/nfs_home/npsawaya/miniconda3/envs/pando/lib/python3.8/site-packages/quimb/utils.py:167: Warning: The unitize_ function is deprecated in favor of isometrize_
  warnings.warn(f"The {old_name} function is deprecated in favor "
Traceback (most recent call last):
  File "mera_sample_generator.py", line 398, in <module>
    mera.unitize_()
  File "/nfs_home/npsawaya/miniconda3/envs/pando/lib/python3.8/site-packages/quimb/utils.py", line 169, in new_fn
    return fn(*args, **kwargs)
TypeError: 'partialmethod' object is not callable
/nfs_home/npsawaya/miniconda3/envs/pando/lib/python3.8/site-packages/cotengra/hyperoptimizers/hyper.py:29: UserWarning: Couldn't import `kahypar` - skipping from default hyper optimizer and using basic `labels` method instead.
  warnings.warn(
/nfs_home/npsawaya/miniconda3/envs/pando/lib/python3.8/site-packages/quimb/utils.py:167: Warning: The unitize_ function is deprecated in favor of isometrize_
  warnings.warn(f"The {old_name} function is deprecated in favor "
Traceback (most recent call last):
  File "mera_sample_generator.py", line 398, in <module>
    mera.unitize_()
  File "/nfs_home/npsawaya/miniconda3/envs/pando/lib/python3.8/site-packages/quimb/utils.py", line 169, in new_fn
    return fn(*args, **kwargs)
TypeError: 'partialmethod' object is not callable
/nfs_home/npsawaya/miniconda3/envs/pando/lib/python3.8/site-packages/cotengra/hyperoptimizers/hyper.py:29: UserWarning: Couldn't import `kahypar` - skipping from default hyper optimizer and using basic `labels` method instead.
  warnings.warn(
/nfs_home/npsawaya/miniconda3/envs/pando/lib/python3.8/site-packages/quimb/utils.py:167: Warning: The unitize_ function is deprecated in favor of isometrize_
  warnings.warn(f"The {old_name} function is deprecated in favor "
Traceback (most recent call last):
  File "mera_sample_generator.py", line 398, in <module>
    mera.unitize_()
  File "/nfs_home/npsawaya/miniconda3/envs/pando/lib/python3.8/site-packages/quimb/utils.py", line 169, in new_fn
    return fn(*args, **kwargs)
TypeError: 'partialmethod' object is not callable
/nfs_home/npsawaya/miniconda3/envs/pando/lib/python3.8/site-packages/cotengra/hyperoptimizers/hyper.py:29: UserWarning: Couldn't import `kahypar` - skipping from default hyper optimizer and using basic `labels` method instead.
  warnings.warn(
/nfs_home/npsawaya/miniconda3/envs/pando/lib/python3.8/site-packages/quimb/utils.py:167: Warning: The unitize_ function is deprecated in favor of isometrize_
  warnings.warn(f"The {old_name} function is deprecated in favor "
Traceback (most recent call last):
  File "mera_sample_generator.py", line 398, in <module>
    mera.unitize_()
  File "/nfs_home/npsawaya/miniconda3/envs/pando/lib/python3.8/site-packages/quimb/utils.py", line 169, in new_fn
    return fn(*args, **kwargs)
TypeError: 'partialmethod' object is not callable
/nfs_home/npsawaya/miniconda3/envs/pando/lib/python3.8/site-packages/cotengra/hyperoptimizers/hyper.py:29: UserWarning: Couldn't import `kahypar` - skipping from default hyper optimizer and using basic `labels` method instead.
  warnings.warn(
/nfs_home/npsawaya/miniconda3/envs/pando/lib/python3.8/site-packages/quimb/utils.py:167: Warning: The unitize_ function is deprecated in favor of isometrize_
  warnings.warn(f"The {old_name} function is deprecated in favor "
Traceback (most recent call last):
  File "mera_sample_generator.py", line 398, in <module>
    mera.unitize_()
  File "/nfs_home/npsawaya/miniconda3/envs/pando/lib/python3.8/site-packages/quimb/utils.py", line 169, in new_fn
    return fn(*args, **kwargs)
TypeError: 'partialmethod' object is not callable
/nfs_home/npsawaya/miniconda3/envs/pando/lib/python3.8/site-packages/cotengra/hyperoptimizers/hyper.py:29: UserWarning: Couldn't import `kahypar` - skipping from default hyper optimizer and using basic `labels` method instead.
  warnings.warn(
/nfs_home/npsawaya/miniconda3/envs/pando/lib/python3.8/site-packages/quimb/utils.py:167: Warning: The unitize_ function is deprecated in favor of isometrize_
  warnings.warn(f"The {old_name} function is deprecated in favor "
Traceback (most recent call last):
  File "mera_sample_generator.py", line 398, in <module>
    mera.unitize_()
  File "/nfs_home/npsawaya/miniconda3/envs/pando/lib/python3.8/site-packages/quimb/utils.py", line 169, in new_fn
    return fn(*args, **kwargs)
TypeError: 'partialmethod' object is not callable
/nfs_home/npsawaya/miniconda3/envs/pando/lib/python3.8/site-packages/cotengra/hyperoptimizers/hyper.py:29: UserWarning: Couldn't import `kahypar` - skipping from default hyper optimizer and using basic `labels` method instead.
  warnings.warn(
/nfs_home/npsawaya/miniconda3/envs/pando/lib/python3.8/site-packages/quimb/utils.py:167: Warning: The unitize_ function is deprecated in favor of isometrize_
  warnings.warn(f"The {old_name} function is deprecated in favor "
Traceback (most recent call last):
  File "mera_sample_generator.py", line 398, in <module>
    mera.unitize_()
  File "/nfs_home/npsawaya/miniconda3/envs/pando/lib/python3.8/site-packages/quimb/utils.py", line 169, in new_fn
    return fn(*args, **kwargs)
TypeError: 'partialmethod' object is not callable
/nfs_home/npsawaya/miniconda3/envs/pando/lib/python3.8/site-packages/cotengra/hyperoptimizers/hyper.py:29: UserWarning: Couldn't import `kahypar` - skipping from default hyper optimizer and using basic `labels` method instead.
  warnings.warn(
/nfs_home/npsawaya/miniconda3/envs/pando/lib/python3.8/site-packages/quimb/utils.py:167: Warning: The unitize_ function is deprecated in favor of isometrize_
  warnings.warn(f"The {old_name} function is deprecated in favor "
Traceback (most recent call last):
  File "mera_sample_generator.py", line 398, in <module>
    mera.unitize_()
  File "/nfs_home/npsawaya/miniconda3/envs/pando/lib/python3.8/site-packages/quimb/utils.py", line 169, in new_fn
    return fn(*args, **kwargs)
TypeError: 'partialmethod' object is not callable
/nfs_home/npsawaya/miniconda3/envs/pando/lib/python3.8/site-packages/cotengra/hyperoptimizers/hyper.py:29: UserWarning: Couldn't import `kahypar` - skipping from default hyper optimizer and using basic `labels` method instead.
  warnings.warn(
/nfs_home/npsawaya/miniconda3/envs/pando/lib/python3.8/site-packages/quimb/utils.py:167: Warning: The unitize_ function is deprecated in favor of isometrize_
  warnings.warn(f"The {old_name} function is deprecated in favor "
Traceback (most recent call last):
  File "mera_sample_generator.py", line 398, in <module>
    mera.unitize_()
  File "/nfs_home/npsawaya/miniconda3/envs/pando/lib/python3.8/site-packages/quimb/utils.py", line 169, in new_fn
    return fn(*args, **kwargs)
TypeError: 'partialmethod' object is not callable
/nfs_home/npsawaya/miniconda3/envs/pando/lib/python3.8/site-packages/cotengra/hyperoptimizers/hyper.py:29: UserWarning: Couldn't import `kahypar` - skipping from default hyper optimizer and using basic `labels` method instead.
  warnings.warn(
/nfs_home/npsawaya/miniconda3/envs/pando/lib/python3.8/site-packages/quimb/utils.py:167: Warning: The unitize_ function is deprecated in favor of isometrize_
  warnings.warn(f"The {old_name} function is deprecated in favor "
/nfs_home/npsawaya/miniconda3/envs/pando/lib/python3.8/site-packages/cotengra/hyperoptimizers/hyper.py:29: UserWarning: Couldn't import `kahypar` - skipping from default hyper optimizer and using basic `labels` method instead.
  warnings.warn(
/nfs_home/npsawaya/miniconda3/envs/pando/lib/python3.8/site-packages/quimb/utils.py:167: Warning: The unitize_ function is deprecated in favor of isometrize_
  warnings.warn(f"The {old_name} function is deprecated in favor "
Traceback (most recent call last):
  File "mera_sample_generator.py", line 398, in <module>
    mera.unitize_()
  File "/nfs_home/npsawaya/miniconda3/envs/pando/lib/python3.8/site-packages/quimb/utils.py", line 169, in new_fn
    return fn(*args, **kwargs)
TypeError: 'partialmethod' object is not callable
Traceback (most recent call last):
  File "mera_sample_generator.py", line 398, in <module>
    mera.unitize_()
  File "/nfs_home/npsawaya/miniconda3/envs/pando/lib/python3.8/site-packages/quimb/utils.py", line 169, in new_fn
    return fn(*args, **kwargs)
TypeError: 'partialmethod' object is not callable
/nfs_home/npsawaya/miniconda3/envs/pando/lib/python3.8/site-packages/cotengra/hyperoptimizers/hyper.py:29: UserWarning: Couldn't import `kahypar` - skipping from default hyper optimizer and using basic `labels` method instead.
  warnings.warn(
/nfs_home/npsawaya/miniconda3/envs/pando/lib/python3.8/site-packages/quimb/utils.py:167: Warning: The unitize_ function is deprecated in favor of isometrize_
  warnings.warn(f"The {old_name} function is deprecated in favor "
Traceback (most recent call last):
  File "mera_sample_generator.py", line 398, in <module>
    mera.unitize_()
  File "/nfs_home/npsawaya/miniconda3/envs/pando/lib/python3.8/site-packages/quimb/utils.py", line 169, in new_fn
    return fn(*args, **kwargs)
TypeError: 'partialmethod' object is not callable
/nfs_home/npsawaya/miniconda3/envs/pando/lib/python3.8/site-packages/cotengra/hyperoptimizers/hyper.py:29: UserWarning: Couldn't import `kahypar` - skipping from default hyper optimizer and using basic `labels` method instead.
  warnings.warn(
/nfs_home/npsawaya/miniconda3/envs/pando/lib/python3.8/site-packages/quimb/utils.py:167: Warning: The unitize_ function is deprecated in favor of isometrize_
  warnings.warn(f"The {old_name} function is deprecated in favor "
Traceback (most recent call last):
  File "mera_sample_generator.py", line 398, in <module>
    mera.unitize_()
  File "/nfs_home/npsawaya/miniconda3/envs/pando/lib/python3.8/site-packages/quimb/utils.py", line 169, in new_fn
    return fn(*args, **kwargs)
TypeError: 'partialmethod' object is not callable
/nfs_home/npsawaya/miniconda3/envs/pando/lib/python3.8/site-packages/cotengra/hyperoptimizers/hyper.py:29: UserWarning: Couldn't import `kahypar` - skipping from default hyper optimizer and using basic `labels` method instead.
  warnings.warn(
/nfs_home/npsawaya/miniconda3/envs/pando/lib/python3.8/site-packages/quimb/utils.py:167: Warning: The unitize_ function is deprecated in favor of isometrize_
  warnings.warn(f"The {old_name} function is deprecated in favor "
Traceback (most recent call last):
  File "mera_sample_generator.py", line 398, in <module>
    mera.unitize_()
  File "/nfs_home/npsawaya/miniconda3/envs/pando/lib/python3.8/site-packages/quimb/utils.py", line 169, in new_fn
    return fn(*args, **kwargs)
TypeError: 'partialmethod' object is not callable
/nfs_home/npsawaya/miniconda3/envs/pando/lib/python3.8/site-packages/cotengra/hyperoptimizers/hyper.py:29: UserWarning: Couldn't import `kahypar` - skipping from default hyper optimizer and using basic `labels` method instead.
  warnings.warn(
/nfs_home/npsawaya/miniconda3/envs/pando/lib/python3.8/site-packages/quimb/utils.py:167: Warning: The unitize_ function is deprecated in favor of isometrize_
  warnings.warn(f"The {old_name} function is deprecated in favor "
Traceback (most recent call last):
  File "mera_sample_generator.py", line 398, in <module>
    mera.unitize_()
  File "/nfs_home/npsawaya/miniconda3/envs/pando/lib/python3.8/site-packages/quimb/utils.py", line 169, in new_fn
    return fn(*args, **kwargs)
TypeError: 'partialmethod' object is not callable
/nfs_home/npsawaya/miniconda3/envs/pando/lib/python3.8/site-packages/cotengra/hyperoptimizers/hyper.py:29: UserWarning: Couldn't import `kahypar` - skipping from default hyper optimizer and using basic `labels` method instead.
  warnings.warn(
/nfs_home/npsawaya/miniconda3/envs/pando/lib/python3.8/site-packages/quimb/utils.py:167: Warning: The unitize_ function is deprecated in favor of isometrize_
  warnings.warn(f"The {old_name} function is deprecated in favor "
/nfs_home/npsawaya/miniconda3/envs/pando/lib/python3.8/site-packages/cotengra/hyperoptimizers/hyper.py:29: UserWarning: Couldn't import `kahypar` - skipping from default hyper optimizer and using basic `labels` method instead.
  warnings.warn(
/nfs_home/npsawaya/miniconda3/envs/pando/lib/python3.8/site-packages/quimb/utils.py:167: Warning: The unitize_ function is deprecated in favor of isometrize_
  warnings.warn(f"The {old_name} function is deprecated in favor "
Traceback (most recent call last):
  File "mera_sample_generator.py", line 398, in <module>
    mera.unitize_()
  File "/nfs_home/npsawaya/miniconda3/envs/pando/lib/python3.8/site-packages/quimb/utils.py", line 169, in new_fn
    return fn(*args, **kwargs)
TypeError: 'partialmethod' object is not callable
Traceback (most recent call last):
  File "mera_sample_generator.py", line 398, in <module>
    mera.unitize_()
  File "/nfs_home/npsawaya/miniconda3/envs/pando/lib/python3.8/site-packages/quimb/utils.py", line 169, in new_fn
    return fn(*args, **kwargs)
TypeError: 'partialmethod' object is not callable
/nfs_home/npsawaya/miniconda3/envs/pando/lib/python3.8/site-packages/cotengra/hyperoptimizers/hyper.py:29: UserWarning: Couldn't import `kahypar` - skipping from default hyper optimizer and using basic `labels` method instead.
  warnings.warn(
/nfs_home/npsawaya/miniconda3/envs/pando/lib/python3.8/site-packages/quimb/utils.py:167: Warning: The unitize_ function is deprecated in favor of isometrize_
  warnings.warn(f"The {old_name} function is deprecated in favor "
Traceback (most recent call last):
  File "mera_sample_generator.py", line 398, in <module>
    mera.unitize_()
  File "/nfs_home/npsawaya/miniconda3/envs/pando/lib/python3.8/site-packages/quimb/utils.py", line 169, in new_fn
    return fn(*args, **kwargs)
TypeError: 'partialmethod' object is not callable
/nfs_home/npsawaya/miniconda3/envs/pando/lib/python3.8/site-packages/cotengra/hyperoptimizers/hyper.py:29: UserWarning: Couldn't import `kahypar` - skipping from default hyper optimizer and using basic `labels` method instead.
  warnings.warn(
/nfs_home/npsawaya/miniconda3/envs/pando/lib/python3.8/site-packages/quimb/utils.py:167: Warning: The unitize_ function is deprecated in favor of isometrize_
  warnings.warn(f"The {old_name} function is deprecated in favor "
Traceback (most recent call last):
  File "mera_sample_generator.py", line 398, in <module>
    mera.unitize_()
  File "/nfs_home/npsawaya/miniconda3/envs/pando/lib/python3.8/site-packages/quimb/utils.py", line 169, in new_fn
    return fn(*args, **kwargs)
TypeError: 'partialmethod' object is not callable
/nfs_home/npsawaya/miniconda3/envs/pando/lib/python3.8/site-packages/cotengra/hyperoptimizers/hyper.py:29: UserWarning: Couldn't import `kahypar` - skipping from default hyper optimizer and using basic `labels` method instead.
  warnings.warn(
/nfs_home/npsawaya/miniconda3/envs/pando/lib/python3.8/site-packages/quimb/utils.py:167: Warning: The unitize_ function is deprecated in favor of isometrize_
  warnings.warn(f"The {old_name} function is deprecated in favor "
Traceback (most recent call last):
  File "mera_sample_generator.py", line 398, in <module>
    mera.unitize_()
  File "/nfs_home/npsawaya/miniconda3/envs/pando/lib/python3.8/site-packages/quimb/utils.py", line 169, in new_fn
    return fn(*args, **kwargs)
TypeError: 'partialmethod' object is not callable
srun: error: pcl-skx15: tasks 4-7: Exited with exit code 1
srun: error: pcl-skx24: tasks 24-27: Exited with exit code 1
/nfs_home/npsawaya/miniconda3/envs/pando/lib/python3.8/site-packages/cotengra/hyperoptimizers/hyper.py:29: UserWarning: Couldn't import `kahypar` - skipping from default hyper optimizer and using basic `labels` method instead.
  warnings.warn(
/nfs_home/npsawaya/miniconda3/envs/pando/lib/python3.8/site-packages/quimb/utils.py:167: Warning: The unitize_ function is deprecated in favor of isometrize_
  warnings.warn(f"The {old_name} function is deprecated in favor "
Traceback (most recent call last):
  File "mera_sample_generator.py", line 398, in <module>
    mera.unitize_()
  File "/nfs_home/npsawaya/miniconda3/envs/pando/lib/python3.8/site-packages/quimb/utils.py", line 169, in new_fn
    return fn(*args, **kwargs)
TypeError: 'partialmethod' object is not callable
/nfs_home/npsawaya/miniconda3/envs/pando/lib/python3.8/site-packages/cotengra/hyperoptimizers/hyper.py:29: UserWarning: Couldn't import `kahypar` - skipping from default hyper optimizer and using basic `labels` method instead.
  warnings.warn(
/nfs_home/npsawaya/miniconda3/envs/pando/lib/python3.8/site-packages/quimb/utils.py:167: Warning: The unitize_ function is deprecated in favor of isometrize_
  warnings.warn(f"The {old_name} function is deprecated in favor "
Traceback (most recent call last):
  File "mera_sample_generator.py", line 398, in <module>
    mera.unitize_()
  File "/nfs_home/npsawaya/miniconda3/envs/pando/lib/python3.8/site-packages/quimb/utils.py", line 169, in new_fn
    return fn(*args, **kwargs)
TypeError: 'partialmethod' object is not callable
srun: error: pcl-skx23: tasks 20-22: Exited with exit code 1
/nfs_home/npsawaya/miniconda3/envs/pando/lib/python3.8/site-packages/cotengra/hyperoptimizers/hyper.py:29: UserWarning: Couldn't import `kahypar` - skipping from default hyper optimizer and using basic `labels` method instead.
  warnings.warn(
/nfs_home/npsawaya/miniconda3/envs/pando/lib/python3.8/site-packages/quimb/utils.py:167: Warning: The unitize_ function is deprecated in favor of isometrize_
  warnings.warn(f"The {old_name} function is deprecated in favor "
Traceback (most recent call last):
  File "mera_sample_generator.py", line 398, in <module>
    mera.unitize_()
  File "/nfs_home/npsawaya/miniconda3/envs/pando/lib/python3.8/site-packages/quimb/utils.py", line 169, in new_fn
    return fn(*args, **kwargs)
TypeError: 'partialmethod' object is not callable
srun: error: pcl-skx22: tasks 16-17,19: Exited with exit code 1
/nfs_home/npsawaya/miniconda3/envs/pando/lib/python3.8/site-packages/cotengra/hyperoptimizers/hyper.py:29: UserWarning: Couldn't import `kahypar` - skipping from default hyper optimizer and using basic `labels` method instead.
  warnings.warn(
/nfs_home/npsawaya/miniconda3/envs/pando/lib/python3.8/site-packages/quimb/utils.py:167: Warning: The unitize_ function is deprecated in favor of isometrize_
  warnings.warn(f"The {old_name} function is deprecated in favor "
Traceback (most recent call last):
  File "mera_sample_generator.py", line 398, in <module>
    mera.unitize_()
  File "/nfs_home/npsawaya/miniconda3/envs/pando/lib/python3.8/site-packages/quimb/utils.py", line 169, in new_fn
    return fn(*args, **kwargs)
TypeError: 'partialmethod' object is not callable
srun: error: pcl-skx22: task 18: Exited with exit code 1
srun: error: pcl-skx25: tasks 29-31: Exited with exit code 1
srun: error: pcl-skx23: task 23: Exited with exit code 1
srun: error: pcl-skx25: task 28: Exited with exit code 1
srun: error: pcl-skx20: tasks 8-9,11: Exited with exit code 1
srun: error: pcl-skx20: task 10: Exited with exit code 1
/nfs_home/npsawaya/miniconda3/envs/pando/lib/python3.8/site-packages/cotengra/hyperoptimizers/hyper.py:29: UserWarning: Couldn't import `kahypar` - skipping from default hyper optimizer and using basic `labels` method instead.
  warnings.warn(
/nfs_home/npsawaya/miniconda3/envs/pando/lib/python3.8/site-packages/quimb/utils.py:167: Warning: The unitize_ function is deprecated in favor of isometrize_
  warnings.warn(f"The {old_name} function is deprecated in favor "
Traceback (most recent call last):
  File "mera_sample_generator.py", line 398, in <module>
    mera.unitize_()
  File "/nfs_home/npsawaya/miniconda3/envs/pando/lib/python3.8/site-packages/quimb/utils.py", line 169, in new_fn
    return fn(*args, **kwargs)
TypeError: 'partialmethod' object is not callable
/nfs_home/npsawaya/miniconda3/envs/pando/lib/python3.8/site-packages/cotengra/hyperoptimizers/hyper.py:29: UserWarning: Couldn't import `kahypar` - skipping from default hyper optimizer and using basic `labels` method instead.
  warnings.warn(
/nfs_home/npsawaya/miniconda3/envs/pando/lib/python3.8/site-packages/quimb/utils.py:167: Warning: The unitize_ function is deprecated in favor of isometrize_
  warnings.warn(f"The {old_name} function is deprecated in favor "
Traceback (most recent call last):
  File "mera_sample_generator.py", line 398, in <module>
    mera.unitize_()
  File "/nfs_home/npsawaya/miniconda3/envs/pando/lib/python3.8/site-packages/quimb/utils.py", line 169, in new_fn
    return fn(*args, **kwargs)
TypeError: 'partialmethod' object is not callable
/nfs_home/npsawaya/miniconda3/envs/pando/lib/python3.8/site-packages/cotengra/hyperoptimizers/hyper.py:29: UserWarning: Couldn't import `kahypar` - skipping from default hyper optimizer and using basic `labels` method instead.
  warnings.warn(
/nfs_home/npsawaya/miniconda3/envs/pando/lib/python3.8/site-packages/quimb/utils.py:167: Warning: The unitize_ function is deprecated in favor of isometrize_
  warnings.warn(f"The {old_name} function is deprecated in favor "
Traceback (most recent call last):
  File "mera_sample_generator.py", line 398, in <module>
    mera.unitize_()
  File "/nfs_home/npsawaya/miniconda3/envs/pando/lib/python3.8/site-packages/quimb/utils.py", line 169, in new_fn
    return fn(*args, **kwargs)
TypeError: 'partialmethod' object is not callable
/nfs_home/npsawaya/miniconda3/envs/pando/lib/python3.8/site-packages/cotengra/hyperoptimizers/hyper.py:29: UserWarning: Couldn't import `kahypar` - skipping from default hyper optimizer and using basic `labels` method instead.
  warnings.warn(
/nfs_home/npsawaya/miniconda3/envs/pando/lib/python3.8/site-packages/quimb/utils.py:167: Warning: The unitize_ function is deprecated in favor of isometrize_
  warnings.warn(f"The {old_name} function is deprecated in favor "
Traceback (most recent call last):
  File "mera_sample_generator.py", line 398, in <module>
    mera.unitize_()
  File "/nfs_home/npsawaya/miniconda3/envs/pando/lib/python3.8/site-packages/quimb/utils.py", line 169, in new_fn
    return fn(*args, **kwargs)
TypeError: 'partialmethod' object is not callable
srun: error: pcl-skx21: tasks 12-15: Exited with exit code 1
